2017-06-02 18:18:58 [scrapy.utils.log] INFO: Scrapy 1.3.3 started (bot: email_db)
2017-06-02 18:18:58 [scrapy.utils.log] INFO: Overridden settings: {'NEWSPIDER_MODULE': 'email_db.spiders', 'FEED_URI': './email_data/chinaz_whois_results_9000_10000.json', 'SPIDER_MODULES': ['email_db.spiders'], 'BOT_NAME': 'email_db', 'ROBOTSTXT_OBEY': True, 'FEED_FORMAT': 'json', 'LOG_FILE': './email_data/chinaz_whois_results_9000_10000.log'}
2017-06-02 18:18:58 [scrapy.middleware] INFO: Enabled extensions:
['scrapy.extensions.feedexport.FeedExporter',
 'scrapy.extensions.logstats.LogStats',
 'scrapy.extensions.telnet.TelnetConsole',
 'scrapy.extensions.corestats.CoreStats']
2017-06-02 18:18:58 [twisted] CRITICAL: Unhandled error in Deferred:
2017-06-02 18:18:58 [twisted] CRITICAL: 
Traceback (most recent call last):
  File "/root/miniconda3/envs/scrapy_email/lib/python2.7/site-packages/twisted/internet/defer.py", line 1301, in _inlineCallbacks
    result = g.send(result)
  File "/root/miniconda3/envs/scrapy_email/lib/python2.7/site-packages/scrapy/crawler.py", line 90, in crawl
    six.reraise(*exc_info)
  File "/root/miniconda3/envs/scrapy_email/lib/python2.7/site-packages/scrapy/crawler.py", line 71, in crawl
    self.spider = self._create_spider(*args, **kwargs)
  File "/root/miniconda3/envs/scrapy_email/lib/python2.7/site-packages/scrapy/crawler.py", line 94, in _create_spider
    return self.spidercls.from_crawler(self, *args, **kwargs)
  File "/root/miniconda3/envs/scrapy_email/lib/python2.7/site-packages/scrapy/spiders/__init__.py", line 50, in from_crawler
    spider = cls(*args, **kwargs)
  File "/root/YYB_Code/email_db/email_db/spiders/chinaz_whois.py", line 26, in __init__
    filepath = os.join(os.getcwd(),'email_data/reg_lower.csv')
AttributeError: 'module' object has no attribute 'join'
2017-06-02 18:21:03 [scrapy.utils.log] INFO: Scrapy 1.3.3 started (bot: email_db)
2017-06-02 18:21:03 [scrapy.utils.log] INFO: Overridden settings: {'NEWSPIDER_MODULE': 'email_db.spiders', 'FEED_URI': './email_data/chinaz_whois_results_9000_10000.json', 'SPIDER_MODULES': ['email_db.spiders'], 'BOT_NAME': 'email_db', 'ROBOTSTXT_OBEY': True, 'FEED_FORMAT': 'json', 'LOG_FILE': './email_data/chinaz_whois_results_9000_10000.log'}
2017-06-02 18:21:03 [scrapy.middleware] INFO: Enabled extensions:
['scrapy.extensions.feedexport.FeedExporter',
 'scrapy.extensions.logstats.LogStats',
 'scrapy.extensions.telnet.TelnetConsole',
 'scrapy.extensions.corestats.CoreStats']
2017-06-02 18:21:03 [twisted] CRITICAL: Unhandled error in Deferred:
2017-06-02 18:21:03 [twisted] CRITICAL: 
Traceback (most recent call last):
  File "/root/miniconda3/envs/scrapy_email/lib/python2.7/site-packages/twisted/internet/defer.py", line 1301, in _inlineCallbacks
    result = g.send(result)
  File "/root/miniconda3/envs/scrapy_email/lib/python2.7/site-packages/scrapy/crawler.py", line 90, in crawl
    six.reraise(*exc_info)
  File "/root/miniconda3/envs/scrapy_email/lib/python2.7/site-packages/scrapy/crawler.py", line 71, in crawl
    self.spider = self._create_spider(*args, **kwargs)
  File "/root/miniconda3/envs/scrapy_email/lib/python2.7/site-packages/scrapy/crawler.py", line 94, in _create_spider
    return self.spidercls.from_crawler(self, *args, **kwargs)
  File "/root/miniconda3/envs/scrapy_email/lib/python2.7/site-packages/scrapy/spiders/__init__.py", line 50, in from_crawler
    spider = cls(*args, **kwargs)
  File "/root/YYB_Code/email_db/email_db/spiders/chinaz_whois.py", line 25, in __init__
    if filepath == None: filepath = os.join(os.getcwd(),'email_data/reg_lower.csv')
AttributeError: 'module' object has no attribute 'join'
2017-06-02 18:21:20 [scrapy.utils.log] INFO: Scrapy 1.3.3 started (bot: email_db)
2017-06-02 18:21:20 [scrapy.utils.log] INFO: Overridden settings: {'NEWSPIDER_MODULE': 'email_db.spiders', 'FEED_URI': './email_data/chinaz_whois_results_9000_10000.json', 'SPIDER_MODULES': ['email_db.spiders'], 'BOT_NAME': 'email_db', 'ROBOTSTXT_OBEY': True, 'FEED_FORMAT': 'json', 'LOG_FILE': './email_data/chinaz_whois_results_9000_10000.log'}
2017-06-02 18:21:20 [scrapy.middleware] INFO: Enabled extensions:
['scrapy.extensions.feedexport.FeedExporter',
 'scrapy.extensions.logstats.LogStats',
 'scrapy.extensions.telnet.TelnetConsole',
 'scrapy.extensions.corestats.CoreStats']
2017-06-02 18:21:20 [twisted] CRITICAL: Unhandled error in Deferred:
2017-06-02 18:21:20 [twisted] CRITICAL: 
Traceback (most recent call last):
  File "/root/miniconda3/envs/scrapy_email/lib/python2.7/site-packages/twisted/internet/defer.py", line 1301, in _inlineCallbacks
    result = g.send(result)
  File "/root/miniconda3/envs/scrapy_email/lib/python2.7/site-packages/scrapy/crawler.py", line 90, in crawl
    six.reraise(*exc_info)
  File "/root/miniconda3/envs/scrapy_email/lib/python2.7/site-packages/scrapy/crawler.py", line 71, in crawl
    self.spider = self._create_spider(*args, **kwargs)
  File "/root/miniconda3/envs/scrapy_email/lib/python2.7/site-packages/scrapy/crawler.py", line 94, in _create_spider
    return self.spidercls.from_crawler(self, *args, **kwargs)
  File "/root/miniconda3/envs/scrapy_email/lib/python2.7/site-packages/scrapy/spiders/__init__.py", line 50, in from_crawler
    spider = cls(*args, **kwargs)
  File "/root/YYB_Code/email_db/email_db/spiders/chinaz_whois.py", line 25, in __init__
    if filepath == None: filepath = os.join(os.getcwd(),'email_data/reg_lower.csv')
AttributeError: 'module' object has no attribute 'join'
2017-06-02 18:22:37 [scrapy.utils.log] INFO: Scrapy 1.3.3 started (bot: email_db)
2017-06-02 18:22:37 [scrapy.utils.log] INFO: Overridden settings: {'NEWSPIDER_MODULE': 'email_db.spiders', 'FEED_URI': './email_data/chinaz_whois_results_9000_10000.json', 'SPIDER_MODULES': ['email_db.spiders'], 'BOT_NAME': 'email_db', 'ROBOTSTXT_OBEY': True, 'FEED_FORMAT': 'json', 'LOG_FILE': './email_data/chinaz_whois_results_9000_10000.log'}
2017-06-02 18:22:37 [scrapy.middleware] INFO: Enabled extensions:
['scrapy.extensions.feedexport.FeedExporter',
 'scrapy.extensions.logstats.LogStats',
 'scrapy.extensions.telnet.TelnetConsole',
 'scrapy.extensions.corestats.CoreStats']
2017-06-02 18:22:37 [twisted] CRITICAL: Unhandled error in Deferred:
2017-06-02 18:22:37 [twisted] CRITICAL: 
Traceback (most recent call last):
  File "/root/miniconda3/envs/scrapy_email/lib/python2.7/site-packages/twisted/internet/defer.py", line 1301, in _inlineCallbacks
    result = g.send(result)
  File "/root/miniconda3/envs/scrapy_email/lib/python2.7/site-packages/scrapy/crawler.py", line 90, in crawl
    six.reraise(*exc_info)
  File "/root/miniconda3/envs/scrapy_email/lib/python2.7/site-packages/scrapy/crawler.py", line 71, in crawl
    self.spider = self._create_spider(*args, **kwargs)
  File "/root/miniconda3/envs/scrapy_email/lib/python2.7/site-packages/scrapy/crawler.py", line 94, in _create_spider
    return self.spidercls.from_crawler(self, *args, **kwargs)
  File "/root/miniconda3/envs/scrapy_email/lib/python2.7/site-packages/scrapy/spiders/__init__.py", line 50, in from_crawler
    spider = cls(*args, **kwargs)
  File "/root/YYB_Code/email_db/email_db/spiders/chinaz_whois.py", line 25, in __init__
    if filepath == None: filepath = os.join(os.getcwd(),'email_data/reg_lower.csv')
AttributeError: 'module' object has no attribute 'join'
