2017-06-05 10:21:28 [scrapy.utils.log] INFO: Scrapy 1.3.3 started (bot: email_db)
2017-06-05 10:21:28 [scrapy.utils.log] INFO: Overridden settings: {'NEWSPIDER_MODULE': 'email_db.spiders', 'MAIL_FROM': 'guinumi@126.com', 'ROBOTSTXT_OBEY': True, 'CONCURRENT_REQUESTS_PER_DOMAIN': 32, 'MEMDEBUG_ENABLED': True, 'SPIDER_MODULES': ['email_db.spiders'], 'USER_AGENT': 'Mozilla/5.0 (Windows NT 10.0; WOW64) AppleWebKit/537.36 (KHTML, like Gecko) Chrome/49.0.2623.110 Safari/537.36', 'BOT_NAME': 'email_db', 'MAIL_USER': 'guinumi@126.com', 'MAIL_PASS': 'Ss15050850452', 'MEMUSAGE_NOTIFY_MAIL': ['guinumi@126.com'], 'MAIL_HOST': 'smtp.126.com', 'MAIL_PORT': 465, 'LOG_FILE': './email_data/chinaz_sponsor_80000_200000.log', 'STATSMAILER_RCPTS': ['guinumi@126.com'], 'DOWNLOAD_DELAY': 0.5, 'MEMDEBUG_NOTIFY': ['guinumi@126.com']}
2017-06-05 10:21:28 [scrapy.middleware] INFO: Enabled extensions:
['scrapy.extensions.corestats.CoreStats',
 'scrapy.extensions.memdebug.MemoryDebugger',
 'scrapy.extensions.logstats.LogStats',
 'scrapy.extensions.statsmailer.StatsMailer']
2017-06-05 10:21:28 [scrapy.middleware] INFO: Enabled downloader middlewares:
['scrapy.downloadermiddlewares.robotstxt.RobotsTxtMiddleware',
 'scrapy.downloadermiddlewares.httpauth.HttpAuthMiddleware',
 'email_db.middlewares.RandomUserAgent',
 'scrapy.downloadermiddlewares.downloadtimeout.DownloadTimeoutMiddleware',
 'scrapy.downloadermiddlewares.defaultheaders.DefaultHeadersMiddleware',
 'scrapy.downloadermiddlewares.useragent.UserAgentMiddleware',
 'scrapy.downloadermiddlewares.retry.RetryMiddleware',
 'scrapy.downloadermiddlewares.redirect.MetaRefreshMiddleware',
 'scrapy.downloadermiddlewares.httpcompression.HttpCompressionMiddleware',
 'scrapy.downloadermiddlewares.redirect.RedirectMiddleware',
 'scrapy.downloadermiddlewares.cookies.CookiesMiddleware',
 'scrapy.downloadermiddlewares.stats.DownloaderStats']
2017-06-05 10:21:28 [scrapy.middleware] INFO: Enabled spider middlewares:
['scrapy.spidermiddlewares.httperror.HttpErrorMiddleware',
 'scrapy.spidermiddlewares.offsite.OffsiteMiddleware',
 'scrapy.spidermiddlewares.referer.RefererMiddleware',
 'scrapy.spidermiddlewares.urllength.UrlLengthMiddleware',
 'scrapy.spidermiddlewares.depth.DepthMiddleware']
2017-06-05 10:21:28 [scrapy.middleware] INFO: Enabled item pipelines:
['email_db.pipelines.EmailDbPipeline']
2017-06-05 10:21:28 [scrapy.core.engine] INFO: Spider opened
2017-06-05 10:21:28 [scrapy.extensions.logstats] INFO: Crawled 0 pages (at 0 pages/min), scraped 0 items (at 0 items/min)
2017-06-05 10:21:38 [scrapy.utils.log] INFO: Scrapy 1.3.3 started (bot: email_db)
2017-06-05 10:21:38 [scrapy.utils.log] INFO: Overridden settings: {'NEWSPIDER_MODULE': 'email_db.spiders', 'MAIL_FROM': 'guinumi@126.com', 'ROBOTSTXT_OBEY': True, 'CONCURRENT_REQUESTS_PER_DOMAIN': 32, 'MEMDEBUG_ENABLED': True, 'SPIDER_MODULES': ['email_db.spiders'], 'USER_AGENT': 'Mozilla/5.0 (Windows NT 10.0; WOW64) AppleWebKit/537.36 (KHTML, like Gecko) Chrome/49.0.2623.110 Safari/537.36', 'BOT_NAME': 'email_db', 'MAIL_USER': 'guinumi@126.com', 'MAIL_PASS': 'Ss15050850452', 'MEMUSAGE_NOTIFY_MAIL': ['guinumi@126.com'], 'MAIL_HOST': 'smtp.126.com', 'MAIL_PORT': 465, 'LOG_FILE': './email_data/chinaz_sponsor_80000_200000.log', 'STATSMAILER_RCPTS': ['guinumi@126.com'], 'DOWNLOAD_DELAY': 0.5, 'MEMDEBUG_NOTIFY': ['guinumi@126.com']}
2017-06-05 10:21:38 [scrapy.middleware] INFO: Enabled extensions:
['scrapy.extensions.corestats.CoreStats',
 'scrapy.extensions.memdebug.MemoryDebugger',
 'scrapy.extensions.logstats.LogStats',
 'scrapy.extensions.statsmailer.StatsMailer']
2017-06-05 10:21:38 [scrapy.middleware] INFO: Enabled downloader middlewares:
['scrapy.downloadermiddlewares.robotstxt.RobotsTxtMiddleware',
 'scrapy.downloadermiddlewares.httpauth.HttpAuthMiddleware',
 'email_db.middlewares.RandomUserAgent',
 'scrapy.downloadermiddlewares.downloadtimeout.DownloadTimeoutMiddleware',
 'scrapy.downloadermiddlewares.defaultheaders.DefaultHeadersMiddleware',
 'scrapy.downloadermiddlewares.useragent.UserAgentMiddleware',
 'scrapy.downloadermiddlewares.retry.RetryMiddleware',
 'scrapy.downloadermiddlewares.redirect.MetaRefreshMiddleware',
 'scrapy.downloadermiddlewares.httpcompression.HttpCompressionMiddleware',
 'scrapy.downloadermiddlewares.redirect.RedirectMiddleware',
 'scrapy.downloadermiddlewares.cookies.CookiesMiddleware',
 'scrapy.downloadermiddlewares.stats.DownloaderStats']
2017-06-05 10:21:38 [scrapy.middleware] INFO: Enabled spider middlewares:
['scrapy.spidermiddlewares.httperror.HttpErrorMiddleware',
 'scrapy.spidermiddlewares.offsite.OffsiteMiddleware',
 'scrapy.spidermiddlewares.referer.RefererMiddleware',
 'scrapy.spidermiddlewares.urllength.UrlLengthMiddleware',
 'scrapy.spidermiddlewares.depth.DepthMiddleware']
2017-06-05 10:21:38 [scrapy.middleware] INFO: Enabled item pipelines:
['email_db.pipelines.EmailDbPipeline']
2017-06-05 10:21:38 [scrapy.core.engine] INFO: Spider opened
2017-06-05 10:21:38 [scrapy.extensions.logstats] INFO: Crawled 0 pages (at 0 pages/min), scraped 0 items (at 0 items/min)
2017-06-05 10:22:38 [scrapy.extensions.logstats] INFO: Crawled 0 pages (at 0 pages/min), scraped 0 items (at 0 items/min)
2017-06-05 10:22:41 [scrapy.downloadermiddlewares.retry] DEBUG: Retrying <GET http://icp.chinaz.com/robots.txt> (failed 1 times): TCP connection timed out: 110: Connection timed out.
2017-06-05 10:23:38 [scrapy.extensions.logstats] INFO: Crawled 0 pages (at 0 pages/min), scraped 0 items (at 0 items/min)
2017-06-05 10:23:44 [scrapy.downloadermiddlewares.retry] DEBUG: Retrying <GET http://icp.chinaz.com/robots.txt> (failed 2 times): TCP connection timed out: 110: Connection timed out.
2017-06-05 10:24:38 [scrapy.extensions.logstats] INFO: Crawled 0 pages (at 0 pages/min), scraped 0 items (at 0 items/min)
2017-06-05 10:24:47 [scrapy.downloadermiddlewares.retry] DEBUG: Gave up retrying <GET http://icp.chinaz.com/robots.txt> (failed 3 times): TCP connection timed out: 110: Connection timed out.
2017-06-05 10:24:47 [scrapy.downloadermiddlewares.robotstxt] ERROR: Error downloading <GET http://icp.chinaz.com/robots.txt>: TCP connection timed out: 110: Connection timed out.
TCPTimedOutError: TCP connection timed out: 110: Connection timed out.
2017-06-05 10:25:38 [scrapy.extensions.logstats] INFO: Crawled 0 pages (at 0 pages/min), scraped 0 items (at 0 items/min)
2017-06-05 10:25:50 [scrapy.downloadermiddlewares.retry] DEBUG: Retrying <GET http://icp.chinaz.com/> (failed 1 times): TCP connection timed out: 110: Connection timed out.
2017-06-05 10:26:38 [scrapy.extensions.logstats] INFO: Crawled 0 pages (at 0 pages/min), scraped 0 items (at 0 items/min)
2017-06-05 10:26:53 [scrapy.downloadermiddlewares.retry] DEBUG: Retrying <GET http://icp.chinaz.com/> (failed 2 times): TCP connection timed out: 110: Connection timed out.
2017-06-05 10:27:38 [scrapy.extensions.logstats] INFO: Crawled 0 pages (at 0 pages/min), scraped 0 items (at 0 items/min)
2017-06-05 10:27:56 [scrapy.downloadermiddlewares.retry] DEBUG: Gave up retrying <GET http://icp.chinaz.com/> (failed 3 times): TCP connection timed out: 110: Connection timed out.
2017-06-05 10:27:56 [scrapy.core.scraper] ERROR: Error downloading <GET http://icp.chinaz.com/>: TCP connection timed out: 110: Connection timed out.
2017-06-05 10:27:56 [scrapy.core.engine] INFO: Closing spider (finished)
2017-06-05 10:27:58 [scrapy.mail] INFO: Mail sent OK: To=['guinumi@126.com'] Cc=[] Subject="Scrapy stats for: chinaz_sponsor" Attachs=0
2017-06-05 10:27:58 [scrapy.statscollectors] INFO: Dumping Scrapy stats:
{'downloader/exception_count': 6,
 'downloader/exception_type_count/twisted.internet.error.TCPTimedOutError': 6,
 'downloader/request_bytes': 1764,
 'downloader/request_count': 6,
 'downloader/request_method_count/GET': 6,
 'finish_reason': 'finished',
 'finish_time': datetime.datetime(2017, 6, 5, 2, 27, 56, 601922),
 'log_count/DEBUG': 6,
 'log_count/ERROR': 2,
 'log_count/INFO': 14,
 'memdebug/gc_garbage_count': 0,
 'memdebug/live_refs/ChinazSponsorSpider': 1,
 'scheduler/dequeued': 3,
 'scheduler/dequeued/memory': 3,
 'scheduler/enqueued': 3,
 'scheduler/enqueued/memory': 3,
 'start_time': datetime.datetime(2017, 6, 5, 2, 21, 38, 380334)}
2017-06-05 10:27:58 [scrapy.core.engine] INFO: Spider closed (finished)
